2022-11-05 10:49:01,234:INFO:PyCaret Supervised Module
2022-11-05 10:49:01,235:INFO:ML Usecase: classification
2022-11-05 10:49:01,235:INFO:version 2.2.2
2022-11-05 10:49:01,235:INFO:Initializing setup()
2022-11-05 10:49:01,235:INFO:setup(target=Target, ml_usecase=classification, available_plots={'parameter': 'Hyperparameters', 'auc': 'AUC', 'confusion_matrix': 'Confusion Matrix', 'threshold': 'Threshold', 'pr': 'Precision Recall', 'error': 'Prediction Error', 'class_report': 'Class Report', 'rfe': 'Feature Selection', 'learning': 'Learning Curve', 'manifold': 'Manifold Learning', 'calibration': 'Calibration Curve', 'vc': 'Validation Curve', 'dimension': 'Dimensions', 'feature': 'Feature Importance', 'feature_all': 'Feature Importance (All)', 'boundary': 'Decision Boundary', 'lift': 'Lift Chart', 'gain': 'Gain Chart', 'tree': 'Decision Tree'}, train_size=0.7, test_data=None, preprocess=True, imputation_type=simple, iterative_imputation_iters=5, categorical_features=None, categorical_imputation=constant, categorical_iterative_imputer=lightgbm, ordinal_features=None, high_cardinality_features=None, high_cardinality_method=frequency, numeric_features=None, numeric_imputation=mean, numeric_iterative_imputer=lightgbm, date_features=None, ignore_features=None, normalize=False, normalize_method=zscore, transformation=False, transformation_method=yeo-johnson, handle_unknown_categorical=True, unknown_categorical_method=least_frequent, pca=False, pca_method=linear, pca_components=None, ignore_low_variance=False, combine_rare_levels=False, rare_level_threshold=0.1, bin_numeric_features=None, remove_outliers=False, outliers_threshold=0.05, remove_multicollinearity=False, multicollinearity_threshold=0.9, remove_perfect_collinearity=True, create_clusters=False, cluster_iter=20, polynomial_features=False, polynomial_degree=2, trigonometry_features=False, polynomial_threshold=0.1, group_features=None, group_names=None, feature_selection=False, feature_selection_threshold=0.8, feature_selection_method=classic, feature_interaction=False, feature_ratio=False, interaction_threshold=0.01, fix_imbalance=False, fix_imbalance_method=None, transform_target=False, transform_target_method=box-cox, data_split_shuffle=True, data_split_stratify=False, fold_strategy=stratifiedkfold, fold=10, fold_shuffle=False, fold_groups=None, n_jobs=-1, use_gpu=False, custom_pipeline=None, html=True, session_id=None, log_experiment=False, experiment_name=None, log_plots=False, log_profile=False, log_data=False, silent=True, verbose=True, profile=False, profile_kwargs=None, display=None)
2022-11-05 10:49:01,236:INFO:Checking environment
2022-11-05 10:49:01,237:INFO:python_version: 3.9.13
2022-11-05 10:49:01,237:INFO:python_build: ('main', 'Oct 13 2022 21:23:06')
2022-11-05 10:49:01,237:INFO:machine: AMD64
2022-11-05 10:49:01,237:INFO:platform: Windows-10-10.0.19044-SP0
2022-11-05 10:49:01,237:INFO:Memory: svmem(total=8390295552, available=1073426432, percent=87.2, used=7316869120, free=1073426432)
2022-11-05 10:49:01,237:INFO:Physical Core: 4
2022-11-05 10:49:01,238:INFO:Logical Core: 8
2022-11-05 10:49:01,238:INFO:Checking libraries
2022-11-05 10:49:01,238:INFO:pd==1.4.4
2022-11-05 10:49:01,238:INFO:numpy==1.23.3
2022-11-05 10:49:01,238:INFO:sklearn==1.1.2
2022-11-05 10:49:02,728:INFO:xgboost==1.6.1
2022-11-05 10:49:02,729:INFO:lightgbm==3.3.2
2022-11-05 10:49:03,123:INFO:catboost==1.0.6
2022-11-05 10:49:04,832:WARNING:mlflow not found
2022-11-05 10:49:04,833:INFO:Checking Exceptions
2022-11-05 10:49:04,834:INFO:Declaring global variables
2022-11-05 10:49:04,834:INFO:USI: cd72
2022-11-05 10:49:04,834:INFO:pycaret_globals: {'target_param', 'X_train', 'display_container', 'imputation_classifier', 'USI', 'html_param', '_available_plots', 'master_model_container', '_internal_pipeline', 'stratify_param', '_gpu_n_jobs_param', 'fix_imbalance_method_param', 'prep_pipe', 'logging_param', 'y', 'X_test', 'transform_target_method_param', 'n_jobs_param', 'create_model_container', 'fold_generator', 'log_plots_param', 'iterative_imputation_iters_param', 'fold_groups_param', 'transform_target_param', '_all_metrics', '_all_models_internal', 'experiment__', 'imputation_regressor', 'X', 'fix_imbalance_param', 'pycaret_globals', '_all_models', 'y_test', '_ml_usecase', 'gpu_param', 'fold_param', 'seed', 'data_before_preprocess', 'fold_shuffle_param', 'exp_name_log', 'y_train'}
2022-11-05 10:49:04,834:INFO:Preparing display monitor
2022-11-05 10:49:04,834:INFO:Preparing display monitor
2022-11-05 10:49:04,860:INFO:Importing libraries
2022-11-05 10:49:04,860:INFO:Copying data for preprocessing
2022-11-05 10:49:04,872:INFO:Declaring preprocessing parameters
2022-11-05 10:49:04,879:INFO:Creating preprocessing pipeline
2022-11-05 10:49:04,894:INFO:Preprocessing pipeline created successfully
2022-11-05 10:49:04,895:ERROR:(Process Exit): setup has been interupted with user command 'quit'. setup must rerun.
2022-11-05 10:49:04,895:INFO:Creating global containers
2022-11-05 10:49:30,849:INFO:PyCaret Supervised Module
2022-11-05 10:49:30,850:INFO:ML Usecase: classification
2022-11-05 10:49:30,850:INFO:version 2.2.2
2022-11-05 10:49:30,851:INFO:Initializing setup()
2022-11-05 10:49:30,851:INFO:setup(target=Target, ml_usecase=classification, available_plots={'parameter': 'Hyperparameters', 'auc': 'AUC', 'confusion_matrix': 'Confusion Matrix', 'threshold': 'Threshold', 'pr': 'Precision Recall', 'error': 'Prediction Error', 'class_report': 'Class Report', 'rfe': 'Feature Selection', 'learning': 'Learning Curve', 'manifold': 'Manifold Learning', 'calibration': 'Calibration Curve', 'vc': 'Validation Curve', 'dimension': 'Dimensions', 'feature': 'Feature Importance', 'feature_all': 'Feature Importance (All)', 'boundary': 'Decision Boundary', 'lift': 'Lift Chart', 'gain': 'Gain Chart', 'tree': 'Decision Tree'}, train_size=0.7, test_data=None, preprocess=True, imputation_type=simple, iterative_imputation_iters=5, categorical_features=None, categorical_imputation=constant, categorical_iterative_imputer=lightgbm, ordinal_features=None, high_cardinality_features=None, high_cardinality_method=frequency, numeric_features=None, numeric_imputation=mean, numeric_iterative_imputer=lightgbm, date_features=None, ignore_features=None, normalize=False, normalize_method=zscore, transformation=False, transformation_method=yeo-johnson, handle_unknown_categorical=True, unknown_categorical_method=least_frequent, pca=False, pca_method=linear, pca_components=None, ignore_low_variance=False, combine_rare_levels=False, rare_level_threshold=0.1, bin_numeric_features=None, remove_outliers=False, outliers_threshold=0.05, remove_multicollinearity=False, multicollinearity_threshold=0.9, remove_perfect_collinearity=True, create_clusters=False, cluster_iter=20, polynomial_features=False, polynomial_degree=2, trigonometry_features=False, polynomial_threshold=0.1, group_features=None, group_names=None, feature_selection=False, feature_selection_threshold=0.8, feature_selection_method=classic, feature_interaction=False, feature_ratio=False, interaction_threshold=0.01, fix_imbalance=False, fix_imbalance_method=None, transform_target=False, transform_target_method=box-cox, data_split_shuffle=True, data_split_stratify=False, fold_strategy=stratifiedkfold, fold=10, fold_shuffle=False, fold_groups=None, n_jobs=-1, use_gpu=False, custom_pipeline=None, html=True, session_id=None, log_experiment=False, experiment_name=None, log_plots=False, log_profile=False, log_data=False, silent=True, verbose=True, profile=False, profile_kwargs=None, display=None)
2022-11-05 10:49:30,851:INFO:Checking environment
2022-11-05 10:49:30,851:INFO:python_version: 3.9.13
2022-11-05 10:49:30,851:INFO:python_build: ('main', 'Oct 13 2022 21:23:06')
2022-11-05 10:49:30,851:INFO:machine: AMD64
2022-11-05 10:49:30,851:INFO:platform: Windows-10-10.0.19044-SP0
2022-11-05 10:49:30,852:INFO:Memory: svmem(total=8390295552, available=1133756416, percent=86.5, used=7256539136, free=1133756416)
2022-11-05 10:49:30,852:INFO:Physical Core: 4
2022-11-05 10:49:30,852:INFO:Logical Core: 8
2022-11-05 10:49:30,853:INFO:Checking libraries
2022-11-05 10:49:30,853:INFO:pd==1.4.4
2022-11-05 10:49:30,854:INFO:numpy==1.23.3
2022-11-05 10:49:30,854:INFO:sklearn==1.1.2
2022-11-05 10:49:30,854:INFO:xgboost==1.6.1
2022-11-05 10:49:30,854:INFO:lightgbm==3.3.2
2022-11-05 10:49:30,854:INFO:catboost==1.0.6
2022-11-05 10:49:30,854:INFO:mlflow==1.28.0
2022-11-05 10:49:30,855:INFO:Checking Exceptions
2022-11-05 10:49:30,855:INFO:Declaring global variables
2022-11-05 10:49:30,855:INFO:USI: 5be4
2022-11-05 10:49:30,855:INFO:pycaret_globals: {'target_param', 'X_train', 'display_container', 'imputation_classifier', 'USI', 'html_param', '_available_plots', 'master_model_container', '_internal_pipeline', 'stratify_param', '_gpu_n_jobs_param', 'fix_imbalance_method_param', 'prep_pipe', 'logging_param', 'y', 'X_test', 'transform_target_method_param', 'n_jobs_param', 'create_model_container', 'fold_generator', 'log_plots_param', 'iterative_imputation_iters_param', 'fold_groups_param', 'transform_target_param', '_all_metrics', '_all_models_internal', 'experiment__', 'imputation_regressor', 'X', 'fix_imbalance_param', 'pycaret_globals', '_all_models', 'y_test', '_ml_usecase', 'gpu_param', 'fold_param', 'seed', 'data_before_preprocess', 'fold_shuffle_param', 'exp_name_log', 'y_train'}
2022-11-05 10:49:30,856:INFO:Preparing display monitor
2022-11-05 10:49:30,856:INFO:Preparing display monitor
2022-11-05 10:49:30,879:INFO:Importing libraries
2022-11-05 10:49:30,879:INFO:Copying data for preprocessing
2022-11-05 10:49:30,906:INFO:Declaring preprocessing parameters
2022-11-05 10:49:30,910:INFO:Creating preprocessing pipeline
2022-11-05 10:49:30,933:INFO:Preprocessing pipeline created successfully
2022-11-05 10:49:30,934:ERROR:(Process Exit): setup has been interupted with user command 'quit'. setup must rerun.
2022-11-05 10:49:30,935:INFO:Creating global containers
2022-11-05 10:50:10,572:INFO:PyCaret Supervised Module
2022-11-05 10:50:10,572:INFO:ML Usecase: classification
2022-11-05 10:50:10,572:INFO:version 2.2.2
2022-11-05 10:50:10,573:INFO:Initializing setup()
2022-11-05 10:50:10,573:INFO:setup(target=Target, ml_usecase=classification, available_plots={'parameter': 'Hyperparameters', 'auc': 'AUC', 'confusion_matrix': 'Confusion Matrix', 'threshold': 'Threshold', 'pr': 'Precision Recall', 'error': 'Prediction Error', 'class_report': 'Class Report', 'rfe': 'Feature Selection', 'learning': 'Learning Curve', 'manifold': 'Manifold Learning', 'calibration': 'Calibration Curve', 'vc': 'Validation Curve', 'dimension': 'Dimensions', 'feature': 'Feature Importance', 'feature_all': 'Feature Importance (All)', 'boundary': 'Decision Boundary', 'lift': 'Lift Chart', 'gain': 'Gain Chart', 'tree': 'Decision Tree'}, train_size=0.7, test_data=None, preprocess=True, imputation_type=simple, iterative_imputation_iters=5, categorical_features=None, categorical_imputation=constant, categorical_iterative_imputer=lightgbm, ordinal_features=None, high_cardinality_features=None, high_cardinality_method=frequency, numeric_features=None, numeric_imputation=mean, numeric_iterative_imputer=lightgbm, date_features=None, ignore_features=None, normalize=False, normalize_method=zscore, transformation=False, transformation_method=yeo-johnson, handle_unknown_categorical=True, unknown_categorical_method=least_frequent, pca=False, pca_method=linear, pca_components=None, ignore_low_variance=False, combine_rare_levels=False, rare_level_threshold=0.1, bin_numeric_features=None, remove_outliers=False, outliers_threshold=0.05, remove_multicollinearity=False, multicollinearity_threshold=0.9, remove_perfect_collinearity=True, create_clusters=False, cluster_iter=20, polynomial_features=False, polynomial_degree=2, trigonometry_features=False, polynomial_threshold=0.1, group_features=None, group_names=None, feature_selection=False, feature_selection_threshold=0.8, feature_selection_method=classic, feature_interaction=False, feature_ratio=False, interaction_threshold=0.01, fix_imbalance=False, fix_imbalance_method=None, transform_target=False, transform_target_method=box-cox, data_split_shuffle=True, data_split_stratify=False, fold_strategy=stratifiedkfold, fold=10, fold_shuffle=True, fold_groups=None, n_jobs=-1, use_gpu=False, custom_pipeline=None, html=True, session_id=None, log_experiment=False, experiment_name=None, log_plots=False, log_profile=False, log_data=False, silent=True, verbose=True, profile=False, profile_kwargs=None, display=None)
2022-11-05 10:50:10,573:INFO:Checking environment
2022-11-05 10:50:10,573:INFO:python_version: 3.9.13
2022-11-05 10:50:10,573:INFO:python_build: ('main', 'Oct 13 2022 21:23:06')
2022-11-05 10:50:10,573:INFO:machine: AMD64
2022-11-05 10:50:10,573:INFO:platform: Windows-10-10.0.19044-SP0
2022-11-05 10:50:10,574:INFO:Memory: svmem(total=8390295552, available=1141932032, percent=86.4, used=7248363520, free=1141932032)
2022-11-05 10:50:10,574:INFO:Physical Core: 4
2022-11-05 10:50:10,574:INFO:Logical Core: 8
2022-11-05 10:50:10,574:INFO:Checking libraries
2022-11-05 10:50:10,574:INFO:pd==1.4.4
2022-11-05 10:50:10,574:INFO:numpy==1.23.3
2022-11-05 10:50:10,574:INFO:sklearn==1.1.2
2022-11-05 10:50:10,574:INFO:xgboost==1.6.1
2022-11-05 10:50:10,574:INFO:lightgbm==3.3.2
2022-11-05 10:50:10,574:INFO:catboost==1.0.6
2022-11-05 10:50:10,575:INFO:mlflow==1.28.0
2022-11-05 10:50:10,575:INFO:Checking Exceptions
2022-11-05 10:50:10,575:INFO:Declaring global variables
2022-11-05 10:50:10,575:INFO:USI: bc68
2022-11-05 10:50:10,575:INFO:pycaret_globals: {'target_param', 'X_train', 'display_container', 'imputation_classifier', 'USI', 'html_param', '_available_plots', 'master_model_container', '_internal_pipeline', 'stratify_param', '_gpu_n_jobs_param', 'fix_imbalance_method_param', 'prep_pipe', 'logging_param', 'y', 'X_test', 'transform_target_method_param', 'n_jobs_param', 'create_model_container', 'fold_generator', 'log_plots_param', 'iterative_imputation_iters_param', 'fold_groups_param', 'transform_target_param', '_all_metrics', '_all_models_internal', 'experiment__', 'imputation_regressor', 'X', 'fix_imbalance_param', 'pycaret_globals', '_all_models', 'y_test', '_ml_usecase', 'gpu_param', 'fold_param', 'seed', 'data_before_preprocess', 'fold_shuffle_param', 'exp_name_log', 'y_train'}
2022-11-05 10:50:10,575:INFO:Preparing display monitor
2022-11-05 10:50:10,576:INFO:Preparing display monitor
2022-11-05 10:50:10,607:INFO:Importing libraries
2022-11-05 10:50:10,607:INFO:Copying data for preprocessing
2022-11-05 10:50:10,634:INFO:Declaring preprocessing parameters
2022-11-05 10:50:10,659:INFO:Creating preprocessing pipeline
2022-11-05 10:50:10,689:INFO:Preprocessing pipeline created successfully
2022-11-05 10:50:10,691:ERROR:(Process Exit): setup has been interupted with user command 'quit'. setup must rerun.
2022-11-05 10:50:10,692:INFO:Creating global containers
2022-11-05 10:50:10,715:INFO:Internal pipeline: Pipeline(memory=None, steps=[('empty_step', 'passthrough')], verbose=False)
2022-11-05 10:55:18,140:INFO:Creating grid variables
2022-11-05 10:55:18,189:INFO:create_model_container: 0
2022-11-05 10:55:18,189:INFO:master_model_container: 0
2022-11-05 10:55:18,189:INFO:display_container: 0
2022-11-05 11:54:59,265:INFO:PyCaret Supervised Module
2022-11-05 11:54:59,266:INFO:ML Usecase: classification
2022-11-05 11:54:59,266:INFO:version 2.2.2
2022-11-05 11:54:59,266:INFO:Initializing setup()
2022-11-05 11:54:59,267:INFO:setup(target=Target, ml_usecase=classification, available_plots={'parameter': 'Hyperparameters', 'auc': 'AUC', 'confusion_matrix': 'Confusion Matrix', 'threshold': 'Threshold', 'pr': 'Precision Recall', 'error': 'Prediction Error', 'class_report': 'Class Report', 'rfe': 'Feature Selection', 'learning': 'Learning Curve', 'manifold': 'Manifold Learning', 'calibration': 'Calibration Curve', 'vc': 'Validation Curve', 'dimension': 'Dimensions', 'feature': 'Feature Importance', 'feature_all': 'Feature Importance (All)', 'boundary': 'Decision Boundary', 'lift': 'Lift Chart', 'gain': 'Gain Chart', 'tree': 'Decision Tree'}, train_size=0.8, test_data=None, preprocess=True, imputation_type=simple, iterative_imputation_iters=5, categorical_features=None, categorical_imputation=constant, categorical_iterative_imputer=lightgbm, ordinal_features=None, high_cardinality_features=None, high_cardinality_method=frequency, numeric_features=None, numeric_imputation=mean, numeric_iterative_imputer=lightgbm, date_features=None, ignore_features=None, normalize=False, normalize_method=zscore, transformation=False, transformation_method=yeo-johnson, handle_unknown_categorical=True, unknown_categorical_method=least_frequent, pca=False, pca_method=linear, pca_components=None, ignore_low_variance=False, combine_rare_levels=False, rare_level_threshold=0.1, bin_numeric_features=None, remove_outliers=False, outliers_threshold=0.05, remove_multicollinearity=False, multicollinearity_threshold=0.9, remove_perfect_collinearity=True, create_clusters=False, cluster_iter=20, polynomial_features=False, polynomial_degree=2, trigonometry_features=False, polynomial_threshold=0.1, group_features=None, group_names=None, feature_selection=False, feature_selection_threshold=0.8, feature_selection_method=classic, feature_interaction=False, feature_ratio=False, interaction_threshold=0.01, fix_imbalance=False, fix_imbalance_method=None, transform_target=False, transform_target_method=box-cox, data_split_shuffle=True, data_split_stratify=False, fold_strategy=stratifiedkfold, fold=10, fold_shuffle=False, fold_groups=None, n_jobs=-1, use_gpu=False, custom_pipeline=None, html=True, session_id=123, log_experiment=False, experiment_name=None, log_plots=False, log_profile=False, log_data=False, silent=True, verbose=True, profile=False, profile_kwargs=None, display=None)
2022-11-05 11:54:59,267:INFO:Checking environment
2022-11-05 11:54:59,267:INFO:python_version: 3.9.13
2022-11-05 11:54:59,267:INFO:python_build: ('main', 'Oct 13 2022 21:23:06')
2022-11-05 11:54:59,268:INFO:machine: AMD64
2022-11-05 11:54:59,268:INFO:platform: Windows-10-10.0.19044-SP0
2022-11-05 11:54:59,270:INFO:Memory: svmem(total=8390295552, available=1532694528, percent=81.7, used=6857601024, free=1532694528)
2022-11-05 11:54:59,271:INFO:Physical Core: 4
2022-11-05 11:54:59,271:INFO:Logical Core: 8
2022-11-05 11:54:59,271:INFO:Checking libraries
2022-11-05 11:54:59,271:INFO:pd==1.4.4
2022-11-05 11:54:59,271:INFO:numpy==1.23.3
2022-11-05 11:54:59,271:INFO:sklearn==1.1.2
2022-11-05 11:54:59,271:INFO:xgboost==1.6.1
2022-11-05 11:54:59,271:INFO:lightgbm==3.3.2
2022-11-05 11:54:59,271:INFO:catboost==1.0.6
2022-11-05 11:54:59,272:INFO:mlflow==1.28.0
2022-11-05 11:54:59,272:INFO:Checking Exceptions
2022-11-05 11:54:59,273:INFO:Declaring global variables
2022-11-05 11:54:59,273:INFO:USI: 319c
2022-11-05 11:54:59,273:INFO:pycaret_globals: {'target_param', 'X_train', 'display_container', 'imputation_classifier', 'USI', 'html_param', '_available_plots', 'master_model_container', '_internal_pipeline', 'stratify_param', '_gpu_n_jobs_param', 'fix_imbalance_method_param', 'prep_pipe', 'logging_param', 'y', 'X_test', 'transform_target_method_param', 'n_jobs_param', 'create_model_container', 'fold_generator', 'log_plots_param', 'iterative_imputation_iters_param', 'fold_groups_param', 'transform_target_param', '_all_metrics', '_all_models_internal', 'experiment__', 'imputation_regressor', 'X', 'fix_imbalance_param', 'pycaret_globals', '_all_models', 'y_test', '_ml_usecase', 'gpu_param', 'fold_param', 'seed', 'data_before_preprocess', 'fold_shuffle_param', 'exp_name_log', 'y_train'}
2022-11-05 11:54:59,274:INFO:Preparing display monitor
2022-11-05 11:54:59,274:INFO:Preparing display monitor
2022-11-05 11:54:59,306:INFO:Importing libraries
2022-11-05 11:54:59,306:INFO:Copying data for preprocessing
2022-11-05 11:55:03,184:INFO:Declaring preprocessing parameters
2022-11-05 11:55:03,668:INFO:Creating preprocessing pipeline
2022-11-05 11:55:10,244:INFO:Preprocessing pipeline created successfully
2022-11-05 11:55:10,245:ERROR:(Process Exit): setup has been interupted with user command 'quit'. setup must rerun.
2022-11-05 11:55:10,245:INFO:Creating global containers
2022-11-05 11:55:34,806:INFO:PyCaret Supervised Module
2022-11-05 11:55:34,807:INFO:ML Usecase: classification
2022-11-05 11:55:34,807:INFO:version 2.2.2
2022-11-05 11:55:34,808:INFO:Initializing setup()
2022-11-05 11:55:34,808:INFO:setup(target=Target, ml_usecase=classification, available_plots={'parameter': 'Hyperparameters', 'auc': 'AUC', 'confusion_matrix': 'Confusion Matrix', 'threshold': 'Threshold', 'pr': 'Precision Recall', 'error': 'Prediction Error', 'class_report': 'Class Report', 'rfe': 'Feature Selection', 'learning': 'Learning Curve', 'manifold': 'Manifold Learning', 'calibration': 'Calibration Curve', 'vc': 'Validation Curve', 'dimension': 'Dimensions', 'feature': 'Feature Importance', 'feature_all': 'Feature Importance (All)', 'boundary': 'Decision Boundary', 'lift': 'Lift Chart', 'gain': 'Gain Chart', 'tree': 'Decision Tree'}, train_size=0.8, test_data=None, preprocess=True, imputation_type=simple, iterative_imputation_iters=5, categorical_features=None, categorical_imputation=constant, categorical_iterative_imputer=lightgbm, ordinal_features=None, high_cardinality_features=None, high_cardinality_method=frequency, numeric_features=None, numeric_imputation=mean, numeric_iterative_imputer=lightgbm, date_features=None, ignore_features=None, normalize=False, normalize_method=zscore, transformation=False, transformation_method=yeo-johnson, handle_unknown_categorical=True, unknown_categorical_method=least_frequent, pca=False, pca_method=linear, pca_components=None, ignore_low_variance=False, combine_rare_levels=False, rare_level_threshold=0.1, bin_numeric_features=None, remove_outliers=False, outliers_threshold=0.05, remove_multicollinearity=False, multicollinearity_threshold=0.9, remove_perfect_collinearity=True, create_clusters=False, cluster_iter=20, polynomial_features=False, polynomial_degree=2, trigonometry_features=False, polynomial_threshold=0.1, group_features=None, group_names=None, feature_selection=False, feature_selection_threshold=0.8, feature_selection_method=classic, feature_interaction=False, feature_ratio=False, interaction_threshold=0.01, fix_imbalance=False, fix_imbalance_method=None, transform_target=False, transform_target_method=box-cox, data_split_shuffle=True, data_split_stratify=False, fold_strategy=stratifiedkfold, fold=10, fold_shuffle=True, fold_groups=None, n_jobs=-1, use_gpu=False, custom_pipeline=None, html=True, session_id=123, log_experiment=False, experiment_name=None, log_plots=False, log_profile=False, log_data=False, silent=True, verbose=True, profile=False, profile_kwargs=None, display=None)
2022-11-05 11:55:34,808:INFO:Checking environment
2022-11-05 11:55:34,808:INFO:python_version: 3.9.13
2022-11-05 11:55:34,808:INFO:python_build: ('main', 'Oct 13 2022 21:23:06')
2022-11-05 11:55:34,808:INFO:machine: AMD64
2022-11-05 11:55:34,808:INFO:platform: Windows-10-10.0.19044-SP0
2022-11-05 11:55:34,809:INFO:Memory: svmem(total=8390295552, available=1310253056, percent=84.4, used=7080042496, free=1310253056)
2022-11-05 11:55:34,809:INFO:Physical Core: 4
2022-11-05 11:55:34,809:INFO:Logical Core: 8
2022-11-05 11:55:34,809:INFO:Checking libraries
2022-11-05 11:55:34,809:INFO:pd==1.4.4
2022-11-05 11:55:34,809:INFO:numpy==1.23.3
2022-11-05 11:55:34,809:INFO:sklearn==1.1.2
2022-11-05 11:55:34,809:INFO:xgboost==1.6.1
2022-11-05 11:55:34,809:INFO:lightgbm==3.3.2
2022-11-05 11:55:34,809:INFO:catboost==1.0.6
2022-11-05 11:55:34,810:INFO:mlflow==1.28.0
2022-11-05 11:55:34,810:INFO:Checking Exceptions
2022-11-05 11:55:34,811:INFO:Declaring global variables
2022-11-05 11:55:34,811:INFO:USI: 9f2a
2022-11-05 11:55:34,811:INFO:pycaret_globals: {'target_param', 'X_train', 'display_container', 'imputation_classifier', 'USI', 'html_param', '_available_plots', 'master_model_container', '_internal_pipeline', 'stratify_param', '_gpu_n_jobs_param', 'fix_imbalance_method_param', 'prep_pipe', 'logging_param', 'y', 'X_test', 'transform_target_method_param', 'n_jobs_param', 'create_model_container', 'fold_generator', 'log_plots_param', 'iterative_imputation_iters_param', 'fold_groups_param', 'transform_target_param', '_all_metrics', '_all_models_internal', 'experiment__', 'imputation_regressor', 'X', 'fix_imbalance_param', 'pycaret_globals', '_all_models', 'y_test', '_ml_usecase', 'gpu_param', 'fold_param', 'seed', 'data_before_preprocess', 'fold_shuffle_param', 'exp_name_log', 'y_train'}
2022-11-05 11:55:34,811:INFO:Preparing display monitor
2022-11-05 11:55:34,812:INFO:Preparing display monitor
2022-11-05 11:55:34,839:INFO:Importing libraries
2022-11-05 11:55:34,840:INFO:Copying data for preprocessing
2022-11-05 11:55:37,652:INFO:Declaring preprocessing parameters
2022-11-05 11:55:38,241:INFO:Creating preprocessing pipeline
2022-11-05 11:55:44,498:INFO:Preprocessing pipeline created successfully
2022-11-05 11:55:44,499:ERROR:(Process Exit): setup has been interupted with user command 'quit'. setup must rerun.
2022-11-05 11:55:44,499:INFO:Creating global containers
2022-11-05 11:55:44,515:INFO:Internal pipeline: Pipeline(memory=None, steps=[('empty_step', 'passthrough')], verbose=False)
2022-11-05 13:42:48,896:INFO:Creating grid variables
2022-11-05 13:42:49,154:INFO:create_model_container: 0
2022-11-05 13:42:49,154:INFO:master_model_container: 0
2022-11-05 13:42:49,154:INFO:display_container: 0
